[1.694s] [34mcolcon[0m [1;30mDEBUG[0m [32mCommand line arguments: ['C:\\Python38\\Scripts\\colcon', 'list', '-n'][0m
[1.695s] [34mcolcon[0m [1;30mDEBUG[0m [32mParsed command line arguments: Namespace(base_paths=['.'], build_base='build', ignore_user_meta=False, log_base=None, log_level=None, main=<bound method ListVerb.main of <colcon_package_information.verb.list.ListVerb object at 0x0000028161214400>>, metas=['./colcon.meta'], names_only=True, packages_above=None, packages_above_and_dependencies=None, packages_above_depth=None, packages_end=None, packages_ignore=None, packages_ignore_regex=None, packages_select=None, packages_select_build_failed=False, packages_select_by_dep=None, packages_select_regex=None, packages_select_test_failures=False, packages_skip=None, packages_skip_build_finished=False, packages_skip_by_dep=None, packages_skip_regex=None, packages_skip_test_passed=False, packages_skip_up_to=None, packages_start=None, packages_up_to=None, packages_up_to_regex=None, paths=None, paths_only=False, topological_graph=False, topological_graph_density=False, topological_graph_dot=False, topological_graph_dot_cluster=False, topological_graph_dot_include_skipped=False, topological_graph_legend=False, topological_order=False, verb_extension=<colcon_package_information.verb.list.ListVerb object at 0x0000028161214400>, verb_name='list', verb_parser=<colcon_defaults.argument_parser.defaults.DefaultArgumentsDecorator object at 0x00000281612A6520>)[0m
[2.545s] [34mcolcon.colcon_core.package_discovery[0m [1;30mLevel 1[0m discover_packages(colcon_meta) check parameters
[2.545s] [34mcolcon.colcon_core.package_discovery[0m [1;30mLevel 1[0m discover_packages(recursive) check parameters
[2.546s] [34mcolcon.colcon_core.package_discovery[0m [1;30mLevel 1[0m discover_packages(ignore) check parameters
[2.546s] [34mcolcon.colcon_core.package_discovery[0m [1;30mLevel 1[0m discover_packages(path) check parameters
[2.546s] [34mcolcon.colcon_core.package_discovery[0m [1;30mLevel 1[0m discover_packages(colcon_meta) discover
[2.546s] [34mcolcon.colcon_core.package_discovery[0m [1;30mLevel 1[0m discover_packages(recursive) discover
[2.546s] [34mcolcon.colcon_core.package_discovery[0m [1;30mINFO[0m Crawling recursively for packages in 'd:\akros2_ws\akros2_firmware'
[2.546s] [34mcolcon.colcon_core.package_identification[0m [1;30mLevel 1[0m _identify(.) by extensions ['ignore', 'ignore_ament_install']
[2.547s] [34mcolcon.colcon_core.package_identification[0m [1;30mLevel 1[0m _identify(.) by extension 'ignore'
[2.547s] [34mcolcon.colcon_core.package_identification[0m [1;30mLevel 1[0m _identify(.) by extension 'ignore_ament_install'
[2.547s] [34mcolcon.colcon_core.package_identification[0m [1;30mLevel 1[0m _identify(.) by extensions ['colcon_pkg']
[2.547s] [34mcolcon.colcon_core.package_identification[0m [1;30mLevel 1[0m _identify(.) by extension 'colcon_pkg'
[2.547s] [34mcolcon.colcon_core.package_identification[0m [1;30mLevel 1[0m _identify(.) by extensions ['colcon_meta']
[2.548s] [34mcolcon.colcon_core.package_identification[0m [1;30mLevel 1[0m _identify(.) by extension 'colcon_meta'
[2.548s] [34mcolcon.colcon_core.package_identification[0m [1;30mLevel 1[0m _identify(.) by extensions ['ros']
[2.548s] [34mcolcon.colcon_core.package_identification[0m [1;30mLevel 1[0m _identify(.) by extension 'ros'
[2.625s] [34mcolcon.colcon_core.package_identification[0m [1;30mLevel 1[0m _identify(.) by extensions ['cmake', 'python']
[2.625s] [34mcolcon.colcon_core.package_identification[0m [1;30mLevel 1[0m _identify(.) by extension 'cmake'
[2.626s] [34mcolcon.colcon_core.package_identification[0m [1;30mLevel 1[0m _identify(.) by extension 'python'
[2.626s] [34mcolcon.colcon_core.package_identification[0m [1;30mLevel 1[0m _identify(.) by extensions ['python_setup_py']
[2.626s] [34mcolcon.colcon_core.package_identification[0m [1;30mLevel 1[0m _identify(.) by extension 'python_setup_py'
[2.626s] [34mcolcon.colcon_core.package_identification[0m [1;30mLevel 1[0m _identify(akros2_calibration) by extensions ['ignore', 'ignore_ament_install']
[2.627s] [34mcolcon.colcon_core.package_identification[0m [1;30mLevel 1[0m _identify(akros2_calibration) by extension 'ignore'
[2.627s] [34mcolcon.colcon_core.package_identification[0m [1;30mLevel 1[0m _identify(akros2_calibration) by extension 'ignore_ament_install'
[2.627s] [34mcolcon.colcon_core.package_identification[0m [1;30mLevel 1[0m _identify(akros2_calibration) by extensions ['colcon_pkg']
[2.628s] [34mcolcon.colcon_core.package_identification[0m [1;30mLevel 1[0m _identify(akros2_calibration) by extension 'colcon_pkg'
[2.628s] [34mcolcon.colcon_core.package_identification[0m [1;30mLevel 1[0m _identify(akros2_calibration) by extensions ['colcon_meta']
[2.628s] [34mcolcon.colcon_core.package_identification[0m [1;30mLevel 1[0m _identify(akros2_calibration) by extension 'colcon_meta'
[2.628s] [34mcolcon.colcon_core.package_identification[0m [1;30mLevel 1[0m _identify(akros2_calibration) by extensions ['ros']
[2.628s] [34mcolcon.colcon_core.package_identification[0m [1;30mLevel 1[0m _identify(akros2_calibration) by extension 'ros'
[2.629s] [34mcolcon.colcon_core.package_identification[0m [1;30mLevel 1[0m _identify(akros2_calibration) by extensions ['cmake', 'python']
[2.629s] [34mcolcon.colcon_core.package_identification[0m [1;30mLevel 1[0m _identify(akros2_calibration) by extension 'cmake'
[2.629s] [34mcolcon.colcon_core.package_identification[0m [1;30mLevel 1[0m _identify(akros2_calibration) by extension 'python'
[2.629s] [34mcolcon.colcon_core.package_identification[0m [1;30mLevel 1[0m _identify(akros2_calibration) by extensions ['python_setup_py']
[2.629s] [34mcolcon.colcon_core.package_identification[0m [1;30mLevel 1[0m _identify(akros2_calibration) by extension 'python_setup_py'
[2.630s] [34mcolcon.colcon_core.package_identification[0m [1;30mLevel 1[0m _identify(akros2_calibration\src) by extensions ['ignore', 'ignore_ament_install']
[2.630s] [34mcolcon.colcon_core.package_identification[0m [1;30mLevel 1[0m _identify(akros2_calibration\src) by extension 'ignore'
[2.630s] [34mcolcon.colcon_core.package_identification[0m [1;30mLevel 1[0m _identify(akros2_calibration\src) by extension 'ignore_ament_install'
[2.630s] [34mcolcon.colcon_core.package_identification[0m [1;30mLevel 1[0m _identify(akros2_calibration\src) by extensions ['colcon_pkg']
[2.630s] [34mcolcon.colcon_core.package_identification[0m [1;30mLevel 1[0m _identify(akros2_calibration\src) by extension 'colcon_pkg'
[2.631s] [34mcolcon.colcon_core.package_identification[0m [1;30mLevel 1[0m _identify(akros2_calibration\src) by extensions ['colcon_meta']
[2.631s] [34mcolcon.colcon_core.package_identification[0m [1;30mLevel 1[0m _identify(akros2_calibration\src) by extension 'colcon_meta'
[2.631s] [34mcolcon.colcon_core.package_identification[0m [1;30mLevel 1[0m _identify(akros2_calibration\src) by extensions ['ros']
[2.631s] [34mcolcon.colcon_core.package_identification[0m [1;30mLevel 1[0m _identify(akros2_calibration\src) by extension 'ros'
[2.632s] [34mcolcon.colcon_core.package_identification[0m [1;30mLevel 1[0m _identify(akros2_calibration\src) by extensions ['cmake', 'python']
[2.632s] [34mcolcon.colcon_core.package_identification[0m [1;30mLevel 1[0m _identify(akros2_calibration\src) by extension 'cmake'
[2.632s] [34mcolcon.colcon_core.package_identification[0m [1;30mLevel 1[0m _identify(akros2_calibration\src) by extension 'python'
[2.632s] [34mcolcon.colcon_core.package_identification[0m [1;30mLevel 1[0m _identify(akros2_calibration\src) by extensions ['python_setup_py']
[2.632s] [34mcolcon.colcon_core.package_identification[0m [1;30mLevel 1[0m _identify(akros2_calibration\src) by extension 'python_setup_py'
[2.633s] [34mcolcon.colcon_core.package_identification[0m [1;30mLevel 1[0m _identify(akros2_calibration\src\encoder) by extensions ['ignore', 'ignore_ament_install']
[2.633s] [34mcolcon.colcon_core.package_identification[0m [1;30mLevel 1[0m _identify(akros2_calibration\src\encoder) by extension 'ignore'
[2.633s] [34mcolcon.colcon_core.package_identification[0m [1;30mLevel 1[0m _identify(akros2_calibration\src\encoder) by extension 'ignore_ament_install'
[2.633s] [34mcolcon.colcon_core.package_identification[0m [1;30mLevel 1[0m _identify(akros2_calibration\src\encoder) by extensions ['colcon_pkg']
[2.633s] [34mcolcon.colcon_core.package_identification[0m [1;30mLevel 1[0m _identify(akros2_calibration\src\encoder) by extension 'colcon_pkg'
[2.640s] [34mcolcon.colcon_core.package_identification[0m [1;30mLevel 1[0m _identify(akros2_calibration\src\encoder) by extensions ['colcon_meta']
[2.640s] [34mcolcon.colcon_core.package_identification[0m [1;30mLevel 1[0m _identify(akros2_calibration\src\encoder) by extension 'colcon_meta'
[2.640s] [34mcolcon.colcon_core.package_identification[0m [1;30mLevel 1[0m _identify(akros2_calibration\src\encoder) by extensions ['ros']
[2.640s] [34mcolcon.colcon_core.package_identification[0m [1;30mLevel 1[0m _identify(akros2_calibration\src\encoder) by extension 'ros'
[2.641s] [34mcolcon.colcon_core.package_identification[0m [1;30mLevel 1[0m _identify(akros2_calibration\src\encoder) by extensions ['cmake', 'python']
[2.641s] [34mcolcon.colcon_core.package_identification[0m [1;30mLevel 1[0m _identify(akros2_calibration\src\encoder) by extension 'cmake'
[2.641s] [34mcolcon.colcon_core.package_identification[0m [1;30mLevel 1[0m _identify(akros2_calibration\src\encoder) by extension 'python'
[2.641s] [34mcolcon.colcon_core.package_identification[0m [1;30mLevel 1[0m _identify(akros2_calibration\src\encoder) by extensions ['python_setup_py']
[2.641s] [34mcolcon.colcon_core.package_identification[0m [1;30mLevel 1[0m _identify(akros2_calibration\src\encoder) by extension 'python_setup_py'
[2.642s] [34mcolcon.colcon_core.package_identification[0m [1;30mLevel 1[0m _identify(akros2_calibration\src\encoder\examples) by extensions ['ignore', 'ignore_ament_install']
[2.642s] [34mcolcon.colcon_core.package_identification[0m [1;30mLevel 1[0m _identify(akros2_calibration\src\encoder\examples) by extension 'ignore'
[2.642s] [34mcolcon.colcon_core.package_identification[0m [1;30mLevel 1[0m _identify(akros2_calibration\src\encoder\examples) by extension 'ignore_ament_install'
[2.642s] [34mcolcon.colcon_core.package_identification[0m [1;30mLevel 1[0m _identify(akros2_calibration\src\encoder\examples) by extensions ['colcon_pkg']
[2.642s] [34mcolcon.colcon_core.package_identification[0m [1;30mLevel 1[0m _identify(akros2_calibration\src\encoder\examples) by extension 'colcon_pkg'
[2.642s] [34mcolcon.colcon_core.package_identification[0m [1;30mLevel 1[0m _identify(akros2_calibration\src\encoder\examples) by extensions ['colcon_meta']
[2.642s] [34mcolcon.colcon_core.package_identification[0m [1;30mLevel 1[0m _identify(akros2_calibration\src\encoder\examples) by extension 'colcon_meta'
[2.643s] [34mcolcon.colcon_core.package_identification[0m [1;30mLevel 1[0m _identify(akros2_calibration\src\encoder\examples) by extensions ['ros']
[2.643s] [34mcolcon.colcon_core.package_identification[0m [1;30mLevel 1[0m _identify(akros2_calibration\src\encoder\examples) by extension 'ros'
[2.643s] [34mcolcon.colcon_core.package_identification[0m [1;30mLevel 1[0m _identify(akros2_calibration\src\encoder\examples) by extensions ['cmake', 'python']
[2.643s] [34mcolcon.colcon_core.package_identification[0m [1;30mLevel 1[0m _identify(akros2_calibration\src\encoder\examples) by extension 'cmake'
[2.643s] [34mcolcon.colcon_core.package_identification[0m [1;30mLevel 1[0m _identify(akros2_calibration\src\encoder\examples) by extension 'python'
[2.644s] [34mcolcon.colcon_core.package_identification[0m [1;30mLevel 1[0m _identify(akros2_calibration\src\encoder\examples) by extensions ['python_setup_py']
[2.644s] [34mcolcon.colcon_core.package_identification[0m [1;30mLevel 1[0m _identify(akros2_calibration\src\encoder\examples) by extension 'python_setup_py'
[2.644s] [34mcolcon.colcon_core.package_identification[0m [1;30mLevel 1[0m _identify(akros2_calibration\src\encoder\examples\Basic) by extensions ['ignore', 'ignore_ament_install']
[2.644s] [34mcolcon.colcon_core.package_identification[0m [1;30mLevel 1[0m _identify(akros2_calibration\src\encoder\examples\Basic) by extension 'ignore'
[2.645s] [34mcolcon.colcon_core.package_identification[0m [1;30mLevel 1[0m _identify(akros2_calibration\src\encoder\examples\Basic) by extension 'ignore_ament_install'
[2.645s] [34mcolcon.colcon_core.package_identification[0m [1;30mLevel 1[0m _identify(akros2_calibration\src\encoder\examples\Basic) by extensions ['colcon_pkg']
[2.645s] [34mcolcon.colcon_core.package_identification[0m [1;30mLevel 1[0m _identify(akros2_calibration\src\encoder\examples\Basic) by extension 'colcon_pkg'
[2.645s] [34mcolcon.colcon_core.package_identification[0m [1;30mLevel 1[0m _identify(akros2_calibration\src\encoder\examples\Basic) by extensions ['colcon_meta']
[2.645s] [34mcolcon.colcon_core.package_identification[0m [1;30mLevel 1[0m _identify(akros2_calibration\src\encoder\examples\Basic) by extension 'colcon_meta'
[2.646s] [34mcolcon.colcon_core.package_identification[0m [1;30mLevel 1[0m _identify(akros2_calibration\src\encoder\examples\Basic) by extensions ['ros']
[2.646s] [34mcolcon.colcon_core.package_identification[0m [1;30mLevel 1[0m _identify(akros2_calibration\src\encoder\examples\Basic) by extension 'ros'
[2.646s] [34mcolcon.colcon_core.package_identification[0m [1;30mLevel 1[0m _identify(akros2_calibration\src\encoder\examples\Basic) by extensions ['cmake', 'python']
[2.646s] [34mcolcon.colcon_core.package_identification[0m [1;30mLevel 1[0m _identify(akros2_calibration\src\encoder\examples\Basic) by extension 'cmake'
[2.646s] [34mcolcon.colcon_core.package_identification[0m [1;30mLevel 1[0m _identify(akros2_calibration\src\encoder\examples\Basic) by extension 'python'
[2.646s] [34mcolcon.colcon_core.package_identification[0m [1;30mLevel 1[0m _identify(akros2_calibration\src\encoder\examples\Basic) by extensions ['python_setup_py']
[2.647s] [34mcolcon.colcon_core.package_identification[0m [1;30mLevel 1[0m _identify(akros2_calibration\src\encoder\examples\Basic) by extension 'python_setup_py'
[2.647s] [34mcolcon.colcon_core.package_identification[0m [1;30mLevel 1[0m _identify(akros2_calibration\src\encoder\examples\NoInterrupts) by extensions ['ignore', 'ignore_ament_install']
[2.647s] [34mcolcon.colcon_core.package_identification[0m [1;30mLevel 1[0m _identify(akros2_calibration\src\encoder\examples\NoInterrupts) by extension 'ignore'
[2.648s] [34mcolcon.colcon_core.package_identification[0m [1;30mLevel 1[0m _identify(akros2_calibration\src\encoder\examples\NoInterrupts) by extension 'ignore_ament_install'
[2.648s] [34mcolcon.colcon_core.package_identification[0m [1;30mLevel 1[0m _identify(akros2_calibration\src\encoder\examples\NoInterrupts) by extensions ['colcon_pkg']
[2.648s] [34mcolcon.colcon_core.package_identification[0m [1;30mLevel 1[0m _identify(akros2_calibration\src\encoder\examples\NoInterrupts) by extension 'colcon_pkg'
[2.648s] [34mcolcon.colcon_core.package_identification[0m [1;30mLevel 1[0m _identify(akros2_calibration\src\encoder\examples\NoInterrupts) by extensions ['colcon_meta']
[2.648s] [34mcolcon.colcon_core.package_identification[0m [1;30mLevel 1[0m _identify(akros2_calibration\src\encoder\examples\NoInterrupts) by extension 'colcon_meta'
[2.649s] [34mcolcon.colcon_core.package_identification[0m [1;30mLevel 1[0m _identify(akros2_calibration\src\encoder\examples\NoInterrupts) by extensions ['ros']
[2.649s] [34mcolcon.colcon_core.package_identification[0m [1;30mLevel 1[0m _identify(akros2_calibration\src\encoder\examples\NoInterrupts) by extension 'ros'
[2.649s] [34mcolcon.colcon_core.package_identification[0m [1;30mLevel 1[0m _identify(akros2_calibration\src\encoder\examples\NoInterrupts) by extensions ['cmake', 'python']
[2.649s] [34mcolcon.colcon_core.package_identification[0m [1;30mLevel 1[0m _identify(akros2_calibration\src\encoder\examples\NoInterrupts) by extension 'cmake'
[2.649s] [34mcolcon.colcon_core.package_identification[0m [1;30mLevel 1[0m _identify(akros2_calibration\src\encoder\examples\NoInterrupts) by extension 'python'
[2.650s] [34mcolcon.colcon_core.package_identification[0m [1;30mLevel 1[0m _identify(akros2_calibration\src\encoder\examples\NoInterrupts) by extensions ['python_setup_py']
[2.650s] [34mcolcon.colcon_core.package_identification[0m [1;30mLevel 1[0m _identify(akros2_calibration\src\encoder\examples\NoInterrupts) by extension 'python_setup_py'
[2.650s] [34mcolcon.colcon_core.package_identification[0m [1;30mLevel 1[0m _identify(akros2_calibration\src\encoder\examples\SpeedTest) by extensions ['ignore', 'ignore_ament_install']
[2.650s] [34mcolcon.colcon_core.package_identification[0m [1;30mLevel 1[0m _identify(akros2_calibration\src\encoder\examples\SpeedTest) by extension 'ignore'
[2.651s] [34mcolcon.colcon_core.package_identification[0m [1;30mLevel 1[0m _identify(akros2_calibration\src\encoder\examples\SpeedTest) by extension 'ignore_ament_install'
[2.651s] [34mcolcon.colcon_core.package_identification[0m [1;30mLevel 1[0m _identify(akros2_calibration\src\encoder\examples\SpeedTest) by extensions ['colcon_pkg']
[2.651s] [34mcolcon.colcon_core.package_identification[0m [1;30mLevel 1[0m _identify(akros2_calibration\src\encoder\examples\SpeedTest) by extension 'colcon_pkg'
[2.651s] [34mcolcon.colcon_core.package_identification[0m [1;30mLevel 1[0m _identify(akros2_calibration\src\encoder\examples\SpeedTest) by extensions ['colcon_meta']
[2.651s] [34mcolcon.colcon_core.package_identification[0m [1;30mLevel 1[0m _identify(akros2_calibration\src\encoder\examples\SpeedTest) by extension 'colcon_meta'
[2.651s] [34mcolcon.colcon_core.package_identification[0m [1;30mLevel 1[0m _identify(akros2_calibration\src\encoder\examples\SpeedTest) by extensions ['ros']
[2.652s] [34mcolcon.colcon_core.package_identification[0m [1;30mLevel 1[0m _identify(akros2_calibration\src\encoder\examples\SpeedTest) by extension 'ros'
[2.652s] [34mcolcon.colcon_core.package_identification[0m [1;30mLevel 1[0m _identify(akros2_calibration\src\encoder\examples\SpeedTest) by extensions ['cmake', 'python']
[2.652s] [34mcolcon.colcon_core.package_identification[0m [1;30mLevel 1[0m _identify(akros2_calibration\src\encoder\examples\SpeedTest) by extension 'cmake'
[2.652s] [34mcolcon.colcon_core.package_identification[0m [1;30mLevel 1[0m _identify(akros2_calibration\src\encoder\examples\SpeedTest) by extension 'python'
[2.652s] [34mcolcon.colcon_core.package_identification[0m [1;30mLevel 1[0m _identify(akros2_calibration\src\encoder\examples\SpeedTest) by extensions ['python_setup_py']
[2.652s] [34mcolcon.colcon_core.package_identification[0m [1;30mLevel 1[0m _identify(akros2_calibration\src\encoder\examples\SpeedTest) by extension 'python_setup_py'
[2.653s] [34mcolcon.colcon_core.package_identification[0m [1;30mLevel 1[0m _identify(akros2_calibration\src\encoder\examples\TwoKnobs) by extensions ['ignore', 'ignore_ament_install']
[2.653s] [34mcolcon.colcon_core.package_identification[0m [1;30mLevel 1[0m _identify(akros2_calibration\src\encoder\examples\TwoKnobs) by extension 'ignore'
[2.654s] [34mcolcon.colcon_core.package_identification[0m [1;30mLevel 1[0m _identify(akros2_calibration\src\encoder\examples\TwoKnobs) by extension 'ignore_ament_install'
[2.654s] [34mcolcon.colcon_core.package_identification[0m [1;30mLevel 1[0m _identify(akros2_calibration\src\encoder\examples\TwoKnobs) by extensions ['colcon_pkg']
[2.654s] [34mcolcon.colcon_core.package_identification[0m [1;30mLevel 1[0m _identify(akros2_calibration\src\encoder\examples\TwoKnobs) by extension 'colcon_pkg'
[2.654s] [34mcolcon.colcon_core.package_identification[0m [1;30mLevel 1[0m _identify(akros2_calibration\src\encoder\examples\TwoKnobs) by extensions ['colcon_meta']
[2.654s] [34mcolcon.colcon_core.package_identification[0m [1;30mLevel 1[0m _identify(akros2_calibration\src\encoder\examples\TwoKnobs) by extension 'colcon_meta'
[2.655s] [34mcolcon.colcon_core.package_identification[0m [1;30mLevel 1[0m _identify(akros2_calibration\src\encoder\examples\TwoKnobs) by extensions ['ros']
[2.655s] [34mcolcon.colcon_core.package_identification[0m [1;30mLevel 1[0m _identify(akros2_calibration\src\encoder\examples\TwoKnobs) by extension 'ros'
[2.655s] [34mcolcon.colcon_core.package_identification[0m [1;30mLevel 1[0m _identify(akros2_calibration\src\encoder\examples\TwoKnobs) by extensions ['cmake', 'python']
[2.655s] [34mcolcon.colcon_core.package_identification[0m [1;30mLevel 1[0m _identify(akros2_calibration\src\encoder\examples\TwoKnobs) by extension 'cmake'
[2.656s] [34mcolcon.colcon_core.package_identification[0m [1;30mLevel 1[0m _identify(akros2_calibration\src\encoder\examples\TwoKnobs) by extension 'python'
[2.656s] [34mcolcon.colcon_core.package_identification[0m [1;30mLevel 1[0m _identify(akros2_calibration\src\encoder\examples\TwoKnobs) by extensions ['python_setup_py']
[2.657s] [34mcolcon.colcon_core.package_identification[0m [1;30mLevel 1[0m _identify(akros2_calibration\src\encoder\examples\TwoKnobs) by extension 'python_setup_py'
[2.658s] [34mcolcon.colcon_core.package_identification[0m [1;30mLevel 1[0m _identify(akros2_calibration\src\encoder\utility) by extensions ['ignore', 'ignore_ament_install']
[2.659s] [34mcolcon.colcon_core.package_identification[0m [1;30mLevel 1[0m _identify(akros2_calibration\src\encoder\utility) by extension 'ignore'
[2.659s] [34mcolcon.colcon_core.package_identification[0m [1;30mLevel 1[0m _identify(akros2_calibration\src\encoder\utility) by extension 'ignore_ament_install'
[2.659s] [34mcolcon.colcon_core.package_identification[0m [1;30mLevel 1[0m _identify(akros2_calibration\src\encoder\utility) by extensions ['colcon_pkg']
[2.659s] [34mcolcon.colcon_core.package_identification[0m [1;30mLevel 1[0m _identify(akros2_calibration\src\encoder\utility) by extension 'colcon_pkg'
[2.659s] [34mcolcon.colcon_core.package_identification[0m [1;30mLevel 1[0m _identify(akros2_calibration\src\encoder\utility) by extensions ['colcon_meta']
[2.660s] [34mcolcon.colcon_core.package_identification[0m [1;30mLevel 1[0m _identify(akros2_calibration\src\encoder\utility) by extension 'colcon_meta'
[2.660s] [34mcolcon.colcon_core.package_identification[0m [1;30mLevel 1[0m _identify(akros2_calibration\src\encoder\utility) by extensions ['ros']
[2.660s] [34mcolcon.colcon_core.package_identification[0m [1;30mLevel 1[0m _identify(akros2_calibration\src\encoder\utility) by extension 'ros'
[2.660s] [34mcolcon.colcon_core.package_identification[0m [1;30mLevel 1[0m _identify(akros2_calibration\src\encoder\utility) by extensions ['cmake', 'python']
[2.661s] [34mcolcon.colcon_core.package_identification[0m [1;30mLevel 1[0m _identify(akros2_calibration\src\encoder\utility) by extension 'cmake'
[2.661s] [34mcolcon.colcon_core.package_identification[0m [1;30mLevel 1[0m _identify(akros2_calibration\src\encoder\utility) by extension 'python'
[2.661s] [34mcolcon.colcon_core.package_identification[0m [1;30mLevel 1[0m _identify(akros2_calibration\src\encoder\utility) by extensions ['python_setup_py']
[2.661s] [34mcolcon.colcon_core.package_identification[0m [1;30mLevel 1[0m _identify(akros2_calibration\src\encoder\utility) by extension 'python_setup_py'
[2.662s] [34mcolcon.colcon_core.package_identification[0m [1;30mLevel 1[0m _identify(akros2_calibration\src\kinematics) by extensions ['ignore', 'ignore_ament_install']
[2.662s] [34mcolcon.colcon_core.package_identification[0m [1;30mLevel 1[0m _identify(akros2_calibration\src\kinematics) by extension 'ignore'
[2.662s] [34mcolcon.colcon_core.package_identification[0m [1;30mLevel 1[0m _identify(akros2_calibration\src\kinematics) by extension 'ignore_ament_install'
[2.662s] [34mcolcon.colcon_core.package_identification[0m [1;30mLevel 1[0m _identify(akros2_calibration\src\kinematics) by extensions ['colcon_pkg']
[2.662s] [34mcolcon.colcon_core.package_identification[0m [1;30mLevel 1[0m _identify(akros2_calibration\src\kinematics) by extension 'colcon_pkg'
[2.663s] [34mcolcon.colcon_core.package_identification[0m [1;30mLevel 1[0m _identify(akros2_calibration\src\kinematics) by extensions ['colcon_meta']
[2.663s] [34mcolcon.colcon_core.package_identification[0m [1;30mLevel 1[0m _identify(akros2_calibration\src\kinematics) by extension 'colcon_meta'
[2.663s] [34mcolcon.colcon_core.package_identification[0m [1;30mLevel 1[0m _identify(akros2_calibration\src\kinematics) by extensions ['ros']
[2.663s] [34mcolcon.colcon_core.package_identification[0m [1;30mLevel 1[0m _identify(akros2_calibration\src\kinematics) by extension 'ros'
[2.663s] [34mcolcon.colcon_core.package_identification[0m [1;30mLevel 1[0m _identify(akros2_calibration\src\kinematics) by extensions ['cmake', 'python']
[2.663s] [34mcolcon.colcon_core.package_identification[0m [1;30mLevel 1[0m _identify(akros2_calibration\src\kinematics) by extension 'cmake'
[2.664s] [34mcolcon.colcon_core.package_identification[0m [1;30mLevel 1[0m _identify(akros2_calibration\src\kinematics) by extension 'python'
[2.664s] [34mcolcon.colcon_core.package_identification[0m [1;30mLevel 1[0m _identify(akros2_calibration\src\kinematics) by extensions ['python_setup_py']
[2.664s] [34mcolcon.colcon_core.package_identification[0m [1;30mLevel 1[0m _identify(akros2_calibration\src\kinematics) by extension 'python_setup_py'
[2.664s] [34mcolcon.colcon_core.package_identification[0m [1;30mLevel 1[0m _identify(akros2_calibration\src\motor) by extensions ['ignore', 'ignore_ament_install']
[2.665s] [34mcolcon.colcon_core.package_identification[0m [1;30mLevel 1[0m _identify(akros2_calibration\src\motor) by extension 'ignore'
[2.665s] [34mcolcon.colcon_core.package_identification[0m [1;30mLevel 1[0m _identify(akros2_calibration\src\motor) by extension 'ignore_ament_install'
[2.665s] [34mcolcon.colcon_core.package_identification[0m [1;30mLevel 1[0m _identify(akros2_calibration\src\motor) by extensions ['colcon_pkg']
[2.665s] [34mcolcon.colcon_core.package_identification[0m [1;30mLevel 1[0m _identify(akros2_calibration\src\motor) by extension 'colcon_pkg'
[2.665s] [34mcolcon.colcon_core.package_identification[0m [1;30mLevel 1[0m _identify(akros2_calibration\src\motor) by extensions ['colcon_meta']
[2.665s] [34mcolcon.colcon_core.package_identification[0m [1;30mLevel 1[0m _identify(akros2_calibration\src\motor) by extension 'colcon_meta'
[2.666s] [34mcolcon.colcon_core.package_identification[0m [1;30mLevel 1[0m _identify(akros2_calibration\src\motor) by extensions ['ros']
[2.666s] [34mcolcon.colcon_core.package_identification[0m [1;30mLevel 1[0m _identify(akros2_calibration\src\motor) by extension 'ros'
[2.666s] [34mcolcon.colcon_core.package_identification[0m [1;30mLevel 1[0m _identify(akros2_calibration\src\motor) by extensions ['cmake', 'python']
[2.666s] [34mcolcon.colcon_core.package_identification[0m [1;30mLevel 1[0m _identify(akros2_calibration\src\motor) by extension 'cmake'
[2.666s] [34mcolcon.colcon_core.package_identification[0m [1;30mLevel 1[0m _identify(akros2_calibration\src\motor) by extension 'python'
[2.667s] [34mcolcon.colcon_core.package_identification[0m [1;30mLevel 1[0m _identify(akros2_calibration\src\motor) by extensions ['python_setup_py']
[2.667s] [34mcolcon.colcon_core.package_identification[0m [1;30mLevel 1[0m _identify(akros2_calibration\src\motor) by extension 'python_setup_py'
[2.667s] [34mcolcon.colcon_core.package_identification[0m [1;30mLevel 1[0m _identify(log) by extensions ['ignore', 'ignore_ament_install']
[2.667s] [34mcolcon.colcon_core.package_identification[0m [1;30mLevel 1[0m _identify(log) by extension 'ignore'
[2.668s] [34mcolcon.colcon_core.package_identification[0m [1;30mLevel 1[0m _identify(log) ignored
[2.668s] [34mcolcon.colcon_core.package_identification[0m [1;30mLevel 1[0m _identify(src) by extensions ['ignore', 'ignore_ament_install']
[2.671s] [34mcolcon.colcon_core.package_identification[0m [1;30mLevel 1[0m _identify(src) by extension 'ignore'
[2.672s] [34mcolcon.colcon_core.package_identification[0m [1;30mLevel 1[0m _identify(src) by extension 'ignore_ament_install'
[2.672s] [34mcolcon.colcon_core.package_identification[0m [1;30mLevel 1[0m _identify(src) by extensions ['colcon_pkg']
[2.672s] [34mcolcon.colcon_core.package_identification[0m [1;30mLevel 1[0m _identify(src) by extension 'colcon_pkg'
[2.673s] [34mcolcon.colcon_core.package_identification[0m [1;30mLevel 1[0m _identify(src) by extensions ['colcon_meta']
[2.673s] [34mcolcon.colcon_core.package_identification[0m [1;30mLevel 1[0m _identify(src) by extension 'colcon_meta'
[2.674s] [34mcolcon.colcon_core.package_identification[0m [1;30mLevel 1[0m _identify(src) by extensions ['ros']
[2.674s] [34mcolcon.colcon_core.package_identification[0m [1;30mLevel 1[0m _identify(src) by extension 'ros'
[2.674s] [34mcolcon.colcon_core.package_identification[0m [1;30mLevel 1[0m _identify(src) by extensions ['cmake', 'python']
[2.674s] [34mcolcon.colcon_core.package_identification[0m [1;30mLevel 1[0m _identify(src) by extension 'cmake'
[2.675s] [34mcolcon.colcon_core.package_identification[0m [1;30mLevel 1[0m _identify(src) by extension 'python'
[2.675s] [34mcolcon.colcon_core.package_identification[0m [1;30mLevel 1[0m _identify(src) by extensions ['python_setup_py']
[2.675s] [34mcolcon.colcon_core.package_identification[0m [1;30mLevel 1[0m _identify(src) by extension 'python_setup_py'
[2.675s] [34mcolcon.colcon_core.package_identification[0m [1;30mLevel 1[0m _identify(src\encoder) by extensions ['ignore', 'ignore_ament_install']
[2.676s] [34mcolcon.colcon_core.package_identification[0m [1;30mLevel 1[0m _identify(src\encoder) by extension 'ignore'
[2.676s] [34mcolcon.colcon_core.package_identification[0m [1;30mLevel 1[0m _identify(src\encoder) by extension 'ignore_ament_install'
[2.676s] [34mcolcon.colcon_core.package_identification[0m [1;30mLevel 1[0m _identify(src\encoder) by extensions ['colcon_pkg']
[2.676s] [34mcolcon.colcon_core.package_identification[0m [1;30mLevel 1[0m _identify(src\encoder) by extension 'colcon_pkg'
[2.676s] [34mcolcon.colcon_core.package_identification[0m [1;30mLevel 1[0m _identify(src\encoder) by extensions ['colcon_meta']
[2.676s] [34mcolcon.colcon_core.package_identification[0m [1;30mLevel 1[0m _identify(src\encoder) by extension 'colcon_meta'
[2.677s] [34mcolcon.colcon_core.package_identification[0m [1;30mLevel 1[0m _identify(src\encoder) by extensions ['ros']
[2.677s] [34mcolcon.colcon_core.package_identification[0m [1;30mLevel 1[0m _identify(src\encoder) by extension 'ros'
[2.678s] [34mcolcon.colcon_core.package_identification[0m [1;30mLevel 1[0m _identify(src\encoder) by extensions ['cmake', 'python']
[2.678s] [34mcolcon.colcon_core.package_identification[0m [1;30mLevel 1[0m _identify(src\encoder) by extension 'cmake'
[2.678s] [34mcolcon.colcon_core.package_identification[0m [1;30mLevel 1[0m _identify(src\encoder) by extension 'python'
[2.678s] [34mcolcon.colcon_core.package_identification[0m [1;30mLevel 1[0m _identify(src\encoder) by extensions ['python_setup_py']
[2.678s] [34mcolcon.colcon_core.package_identification[0m [1;30mLevel 1[0m _identify(src\encoder) by extension 'python_setup_py'
[2.679s] [34mcolcon.colcon_core.package_identification[0m [1;30mLevel 1[0m _identify(src\encoder\examples) by extensions ['ignore', 'ignore_ament_install']
[2.679s] [34mcolcon.colcon_core.package_identification[0m [1;30mLevel 1[0m _identify(src\encoder\examples) by extension 'ignore'
[2.679s] [34mcolcon.colcon_core.package_identification[0m [1;30mLevel 1[0m _identify(src\encoder\examples) by extension 'ignore_ament_install'
[2.679s] [34mcolcon.colcon_core.package_identification[0m [1;30mLevel 1[0m _identify(src\encoder\examples) by extensions ['colcon_pkg']
[2.680s] [34mcolcon.colcon_core.package_identification[0m [1;30mLevel 1[0m _identify(src\encoder\examples) by extension 'colcon_pkg'
[2.680s] [34mcolcon.colcon_core.package_identification[0m [1;30mLevel 1[0m _identify(src\encoder\examples) by extensions ['colcon_meta']
[2.680s] [34mcolcon.colcon_core.package_identification[0m [1;30mLevel 1[0m _identify(src\encoder\examples) by extension 'colcon_meta'
[2.680s] [34mcolcon.colcon_core.package_identification[0m [1;30mLevel 1[0m _identify(src\encoder\examples) by extensions ['ros']
[2.680s] [34mcolcon.colcon_core.package_identification[0m [1;30mLevel 1[0m _identify(src\encoder\examples) by extension 'ros'
[2.681s] [34mcolcon.colcon_core.package_identification[0m [1;30mLevel 1[0m _identify(src\encoder\examples) by extensions ['cmake', 'python']
[2.681s] [34mcolcon.colcon_core.package_identification[0m [1;30mLevel 1[0m _identify(src\encoder\examples) by extension 'cmake'
[2.682s] [34mcolcon.colcon_core.package_identification[0m [1;30mLevel 1[0m _identify(src\encoder\examples) by extension 'python'
[2.682s] [34mcolcon.colcon_core.package_identification[0m [1;30mLevel 1[0m _identify(src\encoder\examples) by extensions ['python_setup_py']
[2.682s] [34mcolcon.colcon_core.package_identification[0m [1;30mLevel 1[0m _identify(src\encoder\examples) by extension 'python_setup_py'
[2.683s] [34mcolcon.colcon_core.package_identification[0m [1;30mLevel 1[0m _identify(src\encoder\examples\Basic) by extensions ['ignore', 'ignore_ament_install']
[2.683s] [34mcolcon.colcon_core.package_identification[0m [1;30mLevel 1[0m _identify(src\encoder\examples\Basic) by extension 'ignore'
[2.683s] [34mcolcon.colcon_core.package_identification[0m [1;30mLevel 1[0m _identify(src\encoder\examples\Basic) by extension 'ignore_ament_install'
[2.684s] [34mcolcon.colcon_core.package_identification[0m [1;30mLevel 1[0m _identify(src\encoder\examples\Basic) by extensions ['colcon_pkg']
[2.684s] [34mcolcon.colcon_core.package_identification[0m [1;30mLevel 1[0m _identify(src\encoder\examples\Basic) by extension 'colcon_pkg'
[2.684s] [34mcolcon.colcon_core.package_identification[0m [1;30mLevel 1[0m _identify(src\encoder\examples\Basic) by extensions ['colcon_meta']
[2.684s] [34mcolcon.colcon_core.package_identification[0m [1;30mLevel 1[0m _identify(src\encoder\examples\Basic) by extension 'colcon_meta'
[2.684s] [34mcolcon.colcon_core.package_identification[0m [1;30mLevel 1[0m _identify(src\encoder\examples\Basic) by extensions ['ros']
[2.684s] [34mcolcon.colcon_core.package_identification[0m [1;30mLevel 1[0m _identify(src\encoder\examples\Basic) by extension 'ros'
[2.688s] [34mcolcon.colcon_core.package_identification[0m [1;30mLevel 1[0m _identify(src\encoder\examples\Basic) by extensions ['cmake', 'python']
[2.689s] [34mcolcon.colcon_core.package_identification[0m [1;30mLevel 1[0m _identify(src\encoder\examples\Basic) by extension 'cmake'
[2.689s] [34mcolcon.colcon_core.package_identification[0m [1;30mLevel 1[0m _identify(src\encoder\examples\Basic) by extension 'python'
[2.689s] [34mcolcon.colcon_core.package_identification[0m [1;30mLevel 1[0m _identify(src\encoder\examples\Basic) by extensions ['python_setup_py']
[2.689s] [34mcolcon.colcon_core.package_identification[0m [1;30mLevel 1[0m _identify(src\encoder\examples\Basic) by extension 'python_setup_py'
[2.690s] [34mcolcon.colcon_core.package_identification[0m [1;30mLevel 1[0m _identify(src\encoder\examples\NoInterrupts) by extensions ['ignore', 'ignore_ament_install']
[2.691s] [34mcolcon.colcon_core.package_identification[0m [1;30mLevel 1[0m _identify(src\encoder\examples\NoInterrupts) by extension 'ignore'
[2.691s] [34mcolcon.colcon_core.package_identification[0m [1;30mLevel 1[0m _identify(src\encoder\examples\NoInterrupts) by extension 'ignore_ament_install'
[2.691s] [34mcolcon.colcon_core.package_identification[0m [1;30mLevel 1[0m _identify(src\encoder\examples\NoInterrupts) by extensions ['colcon_pkg']
[2.692s] [34mcolcon.colcon_core.package_identification[0m [1;30mLevel 1[0m _identify(src\encoder\examples\NoInterrupts) by extension 'colcon_pkg'
[2.692s] [34mcolcon.colcon_core.package_identification[0m [1;30mLevel 1[0m _identify(src\encoder\examples\NoInterrupts) by extensions ['colcon_meta']
[2.692s] [34mcolcon.colcon_core.package_identification[0m [1;30mLevel 1[0m _identify(src\encoder\examples\NoInterrupts) by extension 'colcon_meta'
[2.693s] [34mcolcon.colcon_core.package_identification[0m [1;30mLevel 1[0m _identify(src\encoder\examples\NoInterrupts) by extensions ['ros']
[2.693s] [34mcolcon.colcon_core.package_identification[0m [1;30mLevel 1[0m _identify(src\encoder\examples\NoInterrupts) by extension 'ros'
[2.693s] [34mcolcon.colcon_core.package_identification[0m [1;30mLevel 1[0m _identify(src\encoder\examples\NoInterrupts) by extensions ['cmake', 'python']
[2.693s] [34mcolcon.colcon_core.package_identification[0m [1;30mLevel 1[0m _identify(src\encoder\examples\NoInterrupts) by extension 'cmake'
[2.693s] [34mcolcon.colcon_core.package_identification[0m [1;30mLevel 1[0m _identify(src\encoder\examples\NoInterrupts) by extension 'python'
[2.694s] [34mcolcon.colcon_core.package_identification[0m [1;30mLevel 1[0m _identify(src\encoder\examples\NoInterrupts) by extensions ['python_setup_py']
[2.694s] [34mcolcon.colcon_core.package_identification[0m [1;30mLevel 1[0m _identify(src\encoder\examples\NoInterrupts) by extension 'python_setup_py'
[2.694s] [34mcolcon.colcon_core.package_identification[0m [1;30mLevel 1[0m _identify(src\encoder\examples\SpeedTest) by extensions ['ignore', 'ignore_ament_install']
[2.695s] [34mcolcon.colcon_core.package_identification[0m [1;30mLevel 1[0m _identify(src\encoder\examples\SpeedTest) by extension 'ignore'
[2.695s] [34mcolcon.colcon_core.package_identification[0m [1;30mLevel 1[0m _identify(src\encoder\examples\SpeedTest) by extension 'ignore_ament_install'
[2.695s] [34mcolcon.colcon_core.package_identification[0m [1;30mLevel 1[0m _identify(src\encoder\examples\SpeedTest) by extensions ['colcon_pkg']
[2.695s] [34mcolcon.colcon_core.package_identification[0m [1;30mLevel 1[0m _identify(src\encoder\examples\SpeedTest) by extension 'colcon_pkg'
[2.695s] [34mcolcon.colcon_core.package_identification[0m [1;30mLevel 1[0m _identify(src\encoder\examples\SpeedTest) by extensions ['colcon_meta']
[2.695s] [34mcolcon.colcon_core.package_identification[0m [1;30mLevel 1[0m _identify(src\encoder\examples\SpeedTest) by extension 'colcon_meta'
[2.696s] [34mcolcon.colcon_core.package_identification[0m [1;30mLevel 1[0m _identify(src\encoder\examples\SpeedTest) by extensions ['ros']
[2.696s] [34mcolcon.colcon_core.package_identification[0m [1;30mLevel 1[0m _identify(src\encoder\examples\SpeedTest) by extension 'ros'
[2.696s] [34mcolcon.colcon_core.package_identification[0m [1;30mLevel 1[0m _identify(src\encoder\examples\SpeedTest) by extensions ['cmake', 'python']
[2.696s] [34mcolcon.colcon_core.package_identification[0m [1;30mLevel 1[0m _identify(src\encoder\examples\SpeedTest) by extension 'cmake'
[2.696s] [34mcolcon.colcon_core.package_identification[0m [1;30mLevel 1[0m _identify(src\encoder\examples\SpeedTest) by extension 'python'
[2.697s] [34mcolcon.colcon_core.package_identification[0m [1;30mLevel 1[0m _identify(src\encoder\examples\SpeedTest) by extensions ['python_setup_py']
[2.697s] [34mcolcon.colcon_core.package_identification[0m [1;30mLevel 1[0m _identify(src\encoder\examples\SpeedTest) by extension 'python_setup_py'
[2.697s] [34mcolcon.colcon_core.package_identification[0m [1;30mLevel 1[0m _identify(src\encoder\examples\TwoKnobs) by extensions ['ignore', 'ignore_ament_install']
[2.698s] [34mcolcon.colcon_core.package_identification[0m [1;30mLevel 1[0m _identify(src\encoder\examples\TwoKnobs) by extension 'ignore'
[2.698s] [34mcolcon.colcon_core.package_identification[0m [1;30mLevel 1[0m _identify(src\encoder\examples\TwoKnobs) by extension 'ignore_ament_install'
[2.698s] [34mcolcon.colcon_core.package_identification[0m [1;30mLevel 1[0m _identify(src\encoder\examples\TwoKnobs) by extensions ['colcon_pkg']
[2.698s] [34mcolcon.colcon_core.package_identification[0m [1;30mLevel 1[0m _identify(src\encoder\examples\TwoKnobs) by extension 'colcon_pkg'
[2.698s] [34mcolcon.colcon_core.package_identification[0m [1;30mLevel 1[0m _identify(src\encoder\examples\TwoKnobs) by extensions ['colcon_meta']
[2.698s] [34mcolcon.colcon_core.package_identification[0m [1;30mLevel 1[0m _identify(src\encoder\examples\TwoKnobs) by extension 'colcon_meta'
[2.699s] [34mcolcon.colcon_core.package_identification[0m [1;30mLevel 1[0m _identify(src\encoder\examples\TwoKnobs) by extensions ['ros']
[2.699s] [34mcolcon.colcon_core.package_identification[0m [1;30mLevel 1[0m _identify(src\encoder\examples\TwoKnobs) by extension 'ros'
[2.699s] [34mcolcon.colcon_core.package_identification[0m [1;30mLevel 1[0m _identify(src\encoder\examples\TwoKnobs) by extensions ['cmake', 'python']
[2.699s] [34mcolcon.colcon_core.package_identification[0m [1;30mLevel 1[0m _identify(src\encoder\examples\TwoKnobs) by extension 'cmake'
[2.699s] [34mcolcon.colcon_core.package_identification[0m [1;30mLevel 1[0m _identify(src\encoder\examples\TwoKnobs) by extension 'python'
[2.700s] [34mcolcon.colcon_core.package_identification[0m [1;30mLevel 1[0m _identify(src\encoder\examples\TwoKnobs) by extensions ['python_setup_py']
[2.700s] [34mcolcon.colcon_core.package_identification[0m [1;30mLevel 1[0m _identify(src\encoder\examples\TwoKnobs) by extension 'python_setup_py'
[2.700s] [34mcolcon.colcon_core.package_identification[0m [1;30mLevel 1[0m _identify(src\encoder\utility) by extensions ['ignore', 'ignore_ament_install']
[2.700s] [34mcolcon.colcon_core.package_identification[0m [1;30mLevel 1[0m _identify(src\encoder\utility) by extension 'ignore'
[2.701s] [34mcolcon.colcon_core.package_identification[0m [1;30mLevel 1[0m _identify(src\encoder\utility) by extension 'ignore_ament_install'
[2.701s] [34mcolcon.colcon_core.package_identification[0m [1;30mLevel 1[0m _identify(src\encoder\utility) by extensions ['colcon_pkg']
[2.701s] [34mcolcon.colcon_core.package_identification[0m [1;30mLevel 1[0m _identify(src\encoder\utility) by extension 'colcon_pkg'
[2.701s] [34mcolcon.colcon_core.package_identification[0m [1;30mLevel 1[0m _identify(src\encoder\utility) by extensions ['colcon_meta']
[2.701s] [34mcolcon.colcon_core.package_identification[0m [1;30mLevel 1[0m _identify(src\encoder\utility) by extension 'colcon_meta'
[2.701s] [34mcolcon.colcon_core.package_identification[0m [1;30mLevel 1[0m _identify(src\encoder\utility) by extensions ['ros']
[2.701s] [34mcolcon.colcon_core.package_identification[0m [1;30mLevel 1[0m _identify(src\encoder\utility) by extension 'ros'
[2.702s] [34mcolcon.colcon_core.package_identification[0m [1;30mLevel 1[0m _identify(src\encoder\utility) by extensions ['cmake', 'python']
[2.702s] [34mcolcon.colcon_core.package_identification[0m [1;30mLevel 1[0m _identify(src\encoder\utility) by extension 'cmake'
[2.702s] [34mcolcon.colcon_core.package_identification[0m [1;30mLevel 1[0m _identify(src\encoder\utility) by extension 'python'
[2.702s] [34mcolcon.colcon_core.package_identification[0m [1;30mLevel 1[0m _identify(src\encoder\utility) by extensions ['python_setup_py']
[2.702s] [34mcolcon.colcon_core.package_identification[0m [1;30mLevel 1[0m _identify(src\encoder\utility) by extension 'python_setup_py'
[2.703s] [34mcolcon.colcon_core.package_identification[0m [1;30mLevel 1[0m _identify(src\imu) by extensions ['ignore', 'ignore_ament_install']
[2.703s] [34mcolcon.colcon_core.package_identification[0m [1;30mLevel 1[0m _identify(src\imu) by extension 'ignore'
[2.703s] [34mcolcon.colcon_core.package_identification[0m [1;30mLevel 1[0m _identify(src\imu) by extension 'ignore_ament_install'
[2.704s] [34mcolcon.colcon_core.package_identification[0m [1;30mLevel 1[0m _identify(src\imu) by extensions ['colcon_pkg']
[2.704s] [34mcolcon.colcon_core.package_identification[0m [1;30mLevel 1[0m _identify(src\imu) by extension 'colcon_pkg'
[2.704s] [34mcolcon.colcon_core.package_identification[0m [1;30mLevel 1[0m _identify(src\imu) by extensions ['colcon_meta']
[2.704s] [34mcolcon.colcon_core.package_identification[0m [1;30mLevel 1[0m _identify(src\imu) by extension 'colcon_meta'
[2.704s] [34mcolcon.colcon_core.package_identification[0m [1;30mLevel 1[0m _identify(src\imu) by extensions ['ros']
[2.705s] [34mcolcon.colcon_core.package_identification[0m [1;30mLevel 1[0m _identify(src\imu) by extension 'ros'
[2.705s] [34mcolcon.colcon_core.package_identification[0m [1;30mLevel 1[0m _identify(src\imu) by extensions ['cmake', 'python']
[2.705s] [34mcolcon.colcon_core.package_identification[0m [1;30mLevel 1[0m _identify(src\imu) by extension 'cmake'
[2.706s] [34mcolcon.colcon_core.package_identification[0m [1;30mLevel 1[0m _identify(src\imu) by extension 'python'
[2.712s] [34mcolcon.colcon_core.package_identification[0m [1;30mLevel 1[0m _identify(src\imu) by extensions ['python_setup_py']
[2.712s] [34mcolcon.colcon_core.package_identification[0m [1;30mLevel 1[0m _identify(src\imu) by extension 'python_setup_py'
[2.713s] [34mcolcon.colcon_core.package_identification[0m [1;30mLevel 1[0m _identify(src\kinematics) by extensions ['ignore', 'ignore_ament_install']
[2.713s] [34mcolcon.colcon_core.package_identification[0m [1;30mLevel 1[0m _identify(src\kinematics) by extension 'ignore'
[2.713s] [34mcolcon.colcon_core.package_identification[0m [1;30mLevel 1[0m _identify(src\kinematics) by extension 'ignore_ament_install'
[2.714s] [34mcolcon.colcon_core.package_identification[0m [1;30mLevel 1[0m _identify(src\kinematics) by extensions ['colcon_pkg']
[2.714s] [34mcolcon.colcon_core.package_identification[0m [1;30mLevel 1[0m _identify(src\kinematics) by extension 'colcon_pkg'
[2.714s] [34mcolcon.colcon_core.package_identification[0m [1;30mLevel 1[0m _identify(src\kinematics) by extensions ['colcon_meta']
[2.714s] [34mcolcon.colcon_core.package_identification[0m [1;30mLevel 1[0m _identify(src\kinematics) by extension 'colcon_meta'
[2.714s] [34mcolcon.colcon_core.package_identification[0m [1;30mLevel 1[0m _identify(src\kinematics) by extensions ['ros']
[2.714s] [34mcolcon.colcon_core.package_identification[0m [1;30mLevel 1[0m _identify(src\kinematics) by extension 'ros'
[2.715s] [34mcolcon.colcon_core.package_identification[0m [1;30mLevel 1[0m _identify(src\kinematics) by extensions ['cmake', 'python']
[2.715s] [34mcolcon.colcon_core.package_identification[0m [1;30mLevel 1[0m _identify(src\kinematics) by extension 'cmake'
[2.715s] [34mcolcon.colcon_core.package_identification[0m [1;30mLevel 1[0m _identify(src\kinematics) by extension 'python'
[2.715s] [34mcolcon.colcon_core.package_identification[0m [1;30mLevel 1[0m _identify(src\kinematics) by extensions ['python_setup_py']
[2.716s] [34mcolcon.colcon_core.package_identification[0m [1;30mLevel 1[0m _identify(src\kinematics) by extension 'python_setup_py'
[2.716s] [34mcolcon.colcon_core.package_identification[0m [1;30mLevel 1[0m _identify(src\motor) by extensions ['ignore', 'ignore_ament_install']
[2.716s] [34mcolcon.colcon_core.package_identification[0m [1;30mLevel 1[0m _identify(src\motor) by extension 'ignore'
[2.717s] [34mcolcon.colcon_core.package_identification[0m [1;30mLevel 1[0m _identify(src\motor) by extension 'ignore_ament_install'
[2.717s] [34mcolcon.colcon_core.package_identification[0m [1;30mLevel 1[0m _identify(src\motor) by extensions ['colcon_pkg']
[2.717s] [34mcolcon.colcon_core.package_identification[0m [1;30mLevel 1[0m _identify(src\motor) by extension 'colcon_pkg'
[2.717s] [34mcolcon.colcon_core.package_identification[0m [1;30mLevel 1[0m _identify(src\motor) by extensions ['colcon_meta']
[2.717s] [34mcolcon.colcon_core.package_identification[0m [1;30mLevel 1[0m _identify(src\motor) by extension 'colcon_meta'
[2.717s] [34mcolcon.colcon_core.package_identification[0m [1;30mLevel 1[0m _identify(src\motor) by extensions ['ros']
[2.718s] [34mcolcon.colcon_core.package_identification[0m [1;30mLevel 1[0m _identify(src\motor) by extension 'ros'
[2.719s] [34mcolcon.colcon_core.package_identification[0m [1;30mLevel 1[0m _identify(src\motor) by extensions ['cmake', 'python']
[2.719s] [34mcolcon.colcon_core.package_identification[0m [1;30mLevel 1[0m _identify(src\motor) by extension 'cmake'
[2.719s] [34mcolcon.colcon_core.package_identification[0m [1;30mLevel 1[0m _identify(src\motor) by extension 'python'
[2.719s] [34mcolcon.colcon_core.package_identification[0m [1;30mLevel 1[0m _identify(src\motor) by extensions ['python_setup_py']
[2.719s] [34mcolcon.colcon_core.package_identification[0m [1;30mLevel 1[0m _identify(src\motor) by extension 'python_setup_py'
[2.722s] [34mcolcon.colcon_core.package_identification[0m [1;30mLevel 1[0m _identify(src\odometry) by extensions ['ignore', 'ignore_ament_install']
[2.723s] [34mcolcon.colcon_core.package_identification[0m [1;30mLevel 1[0m _identify(src\odometry) by extension 'ignore'
[2.723s] [34mcolcon.colcon_core.package_identification[0m [1;30mLevel 1[0m _identify(src\odometry) by extension 'ignore_ament_install'
[2.723s] [34mcolcon.colcon_core.package_identification[0m [1;30mLevel 1[0m _identify(src\odometry) by extensions ['colcon_pkg']
[2.723s] [34mcolcon.colcon_core.package_identification[0m [1;30mLevel 1[0m _identify(src\odometry) by extension 'colcon_pkg'
[2.723s] [34mcolcon.colcon_core.package_identification[0m [1;30mLevel 1[0m _identify(src\odometry) by extensions ['colcon_meta']
[2.724s] [34mcolcon.colcon_core.package_identification[0m [1;30mLevel 1[0m _identify(src\odometry) by extension 'colcon_meta'
[2.724s] [34mcolcon.colcon_core.package_identification[0m [1;30mLevel 1[0m _identify(src\odometry) by extensions ['ros']
[2.724s] [34mcolcon.colcon_core.package_identification[0m [1;30mLevel 1[0m _identify(src\odometry) by extension 'ros'
[2.724s] [34mcolcon.colcon_core.package_identification[0m [1;30mLevel 1[0m _identify(src\odometry) by extensions ['cmake', 'python']
[2.724s] [34mcolcon.colcon_core.package_identification[0m [1;30mLevel 1[0m _identify(src\odometry) by extension 'cmake'
[2.725s] [34mcolcon.colcon_core.package_identification[0m [1;30mLevel 1[0m _identify(src\odometry) by extension 'python'
[2.725s] [34mcolcon.colcon_core.package_identification[0m [1;30mLevel 1[0m _identify(src\odometry) by extensions ['python_setup_py']
[2.725s] [34mcolcon.colcon_core.package_identification[0m [1;30mLevel 1[0m _identify(src\odometry) by extension 'python_setup_py'
[2.725s] [34mcolcon.colcon_core.package_identification[0m [1;30mLevel 1[0m _identify(src\pid) by extensions ['ignore', 'ignore_ament_install']
[2.725s] [34mcolcon.colcon_core.package_identification[0m [1;30mLevel 1[0m _identify(src\pid) by extension 'ignore'
[2.726s] [34mcolcon.colcon_core.package_identification[0m [1;30mLevel 1[0m _identify(src\pid) by extension 'ignore_ament_install'
[2.726s] [34mcolcon.colcon_core.package_identification[0m [1;30mLevel 1[0m _identify(src\pid) by extensions ['colcon_pkg']
[2.726s] [34mcolcon.colcon_core.package_identification[0m [1;30mLevel 1[0m _identify(src\pid) by extension 'colcon_pkg'
[2.726s] [34mcolcon.colcon_core.package_identification[0m [1;30mLevel 1[0m _identify(src\pid) by extensions ['colcon_meta']
[2.726s] [34mcolcon.colcon_core.package_identification[0m [1;30mLevel 1[0m _identify(src\pid) by extension 'colcon_meta'
[2.726s] [34mcolcon.colcon_core.package_identification[0m [1;30mLevel 1[0m _identify(src\pid) by extensions ['ros']
[2.727s] [34mcolcon.colcon_core.package_identification[0m [1;30mLevel 1[0m _identify(src\pid) by extension 'ros'
[2.727s] [34mcolcon.colcon_core.package_identification[0m [1;30mLevel 1[0m _identify(src\pid) by extensions ['cmake', 'python']
[2.727s] [34mcolcon.colcon_core.package_identification[0m [1;30mLevel 1[0m _identify(src\pid) by extension 'cmake'
[2.727s] [34mcolcon.colcon_core.package_identification[0m [1;30mLevel 1[0m _identify(src\pid) by extension 'python'
[2.727s] [34mcolcon.colcon_core.package_identification[0m [1;30mLevel 1[0m _identify(src\pid) by extensions ['python_setup_py']
[2.727s] [34mcolcon.colcon_core.package_identification[0m [1;30mLevel 1[0m _identify(src\pid) by extension 'python_setup_py'
[2.728s] [34mcolcon.colcon_core.package_discovery[0m [1;30mLevel 1[0m discover_packages(recursive) using defaults
[2.728s] [34mcolcon.colcon_core.package_discovery[0m [1;30mLevel 1[0m discover_packages(ignore) discover
[2.728s] [34mcolcon.colcon_core.package_discovery[0m [1;30mLevel 1[0m discover_packages(ignore) using defaults
[2.728s] [34mcolcon.colcon_core.package_discovery[0m [1;30mLevel 1[0m discover_packages(path) discover
[2.728s] [34mcolcon.colcon_core.package_discovery[0m [1;30mLevel 1[0m discover_packages(path) using defaults
